{
  "RSpec": {
    "coverage": {
      "/Users/brandonmrsny/Turing/module4/assessment/task_manager/app/helpers/application_helper.rb": [
        1,
        null
      ],
      "/Users/brandonmrsny/Turing/module4/assessment/task_manager/app/models/list.rb": [
        1,
        1,
        1,
        null,
        1,
        8,
        null,
        null
      ],
      "/Users/brandonmrsny/Turing/module4/assessment/task_manager/app/models/task.rb": [
        1,
        1,
        1,
        1,
        null,
        1,
        1,
        null,
        1,
        8,
        null,
        null
      ],
      "/Users/brandonmrsny/Turing/module4/assessment/task_manager/app/controllers/archive_lists_controller.rb": [
        1,
        null,
        1,
        3,
        null,
        null,
        1,
        1,
        1,
        1,
        1,
        null,
        0,
        0,
        null,
        null,
        null,
        1,
        1,
        1,
        null,
        null
      ],
      "/Users/brandonmrsny/Turing/module4/assessment/task_manager/app/controllers/application_controller.rb": [
        1,
        null,
        null,
        1,
        null
      ],
      "/Users/brandonmrsny/Turing/module4/assessment/task_manager/app/controllers/lists_controller.rb": [
        1,
        1,
        6,
        null,
        null,
        1,
        1,
        1,
        1,
        1,
        null,
        0,
        0,
        null,
        null,
        null,
        1,
        1,
        null,
        null,
        1,
        6,
        null,
        null,
        1,
        1,
        null,
        null,
        1,
        1,
        1,
        1,
        1,
        null,
        0,
        0,
        null,
        null,
        null,
        1,
        null,
        1,
        2,
        null,
        null
      ],
      "/Users/brandonmrsny/Turing/module4/assessment/task_manager/app/controllers/complete_tasks_controller.rb": [
        1,
        1,
        1,
        null,
        null,
        1,
        0,
        0,
        0,
        null,
        null
      ],
      "/Users/brandonmrsny/Turing/module4/assessment/task_manager/app/controllers/tasks_controller.rb": [
        1,
        1,
        1,
        null,
        null,
        1,
        1,
        1,
        1,
        1,
        null,
        0,
        0,
        null,
        null,
        null,
        1,
        1,
        null,
        null,
        1,
        1,
        1,
        1,
        1,
        null,
        0,
        0,
        null,
        null,
        null,
        1,
        null,
        1,
        2,
        null,
        null
      ]
    },
    "timestamp": 1430914284
  }
}
